<catalog: ID, lexeme: "x">
<catalog: ASSIGN, lexeme: ":=">
<catalog: NUMBER, lexeme: "8.5">
<catalog: SEMICOLON, lexeme: ";">
<catalog: ID, lexeme: "y1">
<catalog: ASSIGN, lexeme: ":=">
<catalog: NUMBER, lexeme: "12">
<catalog: SEMICOLON, lexeme: ";">
<catalog: WHILE, lexeme: "WHILE">
<catalog: ID, lexeme: "x">
<catalog: NE, lexeme: "!=">
<catalog: ID, lexeme: "y">
<catalog: DO, lexeme: "DO">
<catalog: IF, lexeme: "IF">
<catalog: ID, lexeme: "x">
<catalog: GT, lexeme: ">">
<catalog: ID, lexeme: "y">
<catalog: THEN, lexeme: "THEN">
<catalog: ID, lexeme: "x">
<catalog: ASSIGN, lexeme: ":=">
<catalog: ID, lexeme: "x">
<catalog: MINUS, lexeme: "-">
<catalog: ID, lexeme: "y">
<catalog: ELSE, lexeme: "ELSE">
<catalog: ID, lexeme: "y">
<catalog: ASSIGN, lexeme: ":=">
<catalog: ID, lexeme: "y">
<catalog: MINUS, lexeme: "-">
<catalog: ID, lexeme: "x">
<catalog: PLUS, lexeme: "+">
<catalog: NUMBER, lexeme: "1.5e2">
<catalog: FI, lexeme: "FI">
<catalog: OD, lexeme: "OD">
<catalog: SEMICOLON, lexeme: ";">
<catalog: PRINT, lexeme: "PRINT">
<catalog: ID, lexeme: "x">
<catalog: SEMICOLON, lexeme: ";">
